Dir C:\Users\rdboylan\Documents\Kornak\ADNI\PET2_nifti\ADNI\003_S_1057\Coreg,_warp,_norm\2007-02-16_13_01_23.0\I193933:
	ADNI_003_S_1057_PT_Coreg,_warp,_norm_Br_20100929131312169_23_S27692_I193933.nii
	  Shape: (128, 128, 60, 1).  Transform: (4, 4).  Zooms: (2.25, 2.25, 2.25, 0.0)
	  <class 'nibabel.nifti1.Nifti1Header'> object, endian='>'
sizeof_hdr      : 348
data_type       : b''
db_name         : b'003_S_1057'
extents         : 16384
session_error   : 0
regular         : b'r'
dim_info        : 0
dim             : [  4 128 128  60   1   0   0   0]
intent_p1       : 0.0
intent_p2       : 0.0
intent_p3       : 0.0
intent_code     : none
datatype        : float32
bitpix          : 32
slice_start     : 0
pixdim          : [1.   2.25 2.25 2.25 0.   0.   0.   0.  ]
vox_offset      : 0.0
scl_slope       : nan
scl_inter       : nan
slice_end       : 0
slice_code      : unknown
xyzt_units      : 2
cal_max         : 0.0
cal_min         : 0.0
slice_duration  : 0.0
toffset         : 0.0
glmax           : 0
glmin           : 0
descrip         : b''
aux_file        : b''
qform_code      : scanner
sform_code      : unknown
quatern_b       : 0.0
quatern_c       : 0.0
quatern_d       : 0.0
qoffset_x       : 128.0
qoffset_y       : 128.0
qoffset_z       : 2.25
srow_x          : [0. 0. 0. 0.]
srow_y          : [0. 0. 0. 0.]
srow_z          : [0. 0. 0. 0.]
intent_name     : b''
magic           : b'n+1'


Dir C:\Users\rdboylan\Documents\Kornak\ADNI\PET2_nifti\ADNI\003_S_1057\Talairach_Warped\2007-02-16_13_01_23.0\I95836:
	ADNI_003_S_1057_PT_Talairach_Warped_Br_20080307140317563_1_S27692_I95836.nii
	  Shape: (160, 160, 96, 1).  Transform: (4, 4).  Zooms: (1.5, 1.5, 1.5, 0.0)
	  dim:[  4 160 160  96   1   0   0   0]
	  pixdim:[1.  1.5 1.5 1.5 0.  0.  0.  0. ]
	  qoffset_x:160.0
	  qoffset_y:160.0
	  qoffset_z:1.5


Dir C:\Users\rdboylan\Documents\Kornak\ADNI\PET2_nifti\ADNI\003_S_1057\Tx_Origin,_Spatially_Normalized\2007-02-16_13_01_23.0\I211793:
	ADNI_003_S_1057_MR_Tx_Origin,_Spatially_Normalized_Br_20110115140022234_S27692_I211793.nii
	  Shape: (79, 95, 68).  Transform: (4, 4).  Zooms: (2.0, 2.0, 2.0)
	  extents:0
	  dim:[ 3 79 95 68  1  1  1  1]
	  pixdim:[-1.  2.  2.  2.  0.  0.  0.  0.]
	  xyzt_units:10
	  descrip:b'Tx Origin, Spatially Normalized'
	  qform_code:2
	  sform_code:2
	  quatern_c:1.0
	  qoffset_x:78.0
	  qoffset_y:-112.0
	  qoffset_z:-50.0
	  srow_x:[-2.  0.  0. 78.]
	  srow_y:[   0.    2.    0. -112.]
	  srow_z:[  0.   0.   2. -50.]


Dir C:\Users\rdboylan\Documents\Kornak\ADNI\PET2_nifti\ADNI\003_S_1057\Tx_Origin,_Spatially_Normalized,_Smoothed\2007-02-16_13_01_23.0\I98376:
	ADNI_003_S_1057_MR_Tx_Origin,_Spatially_Normalized,_Smoothed_Br_20080317075936277_S27692_I98376.nii
	  Shape: (79, 95, 69).  Transform: (4, 4).  Zooms: (2.0, 2.0, 2.0)
	  extents:0
	  dim:[ 3 79 95 69  1  1  1  1]
	  pixdim:[-1.  2.  2.  2.  0.  0.  0.  0.]
	  xyzt_units:10
	  descrip:b'Tx Origin, Spatially Normalized, Smoothed'
	  qform_code:2
	  sform_code:2
	  quatern_c:1.0
	  qoffset_x:78.0
	  qoffset_y:-112.0
	  qoffset_z:-50.0
	  srow_x:[-2.  0.  0. 78.]
	  srow_y:[   0.    2.    0. -112.]
	  srow_z:[  0.   0.   2. -50.]


Dir C:\Users\rdboylan\Documents\Kornak\ADNI\PET2_nifti\ADNI\137_S_0283\Coreg,_warp,_norm\2006-04-20_14_44_55.0\I196136:
	ADNI_137_S_0283_PT_Coreg,_warp,_norm_Br_20101008132907200_59_S13541_I196136.nii
	  Shape: (128, 128, 60, 1).  Transform: (4, 4).  Zooms: (2.25, 2.25, 2.25, 0.0)


Dir C:\Users\rdboylan\Documents\Kornak\ADNI\PET2_nifti\ADNI\137_S_0283\Talairach_Warped\2006-04-20_14_44_55.0\I95501:
	ADNI_137_S_0283_PT_Talairach_Warped_Br_20080306103034018_1_S13541_I95501.nii
	  Shape: (160, 160, 96, 1).  Transform: (4, 4).  Zooms: (1.5, 1.5, 1.5, 0.0)
	  dim:[  4 160 160  96   1   0   0   0]
	  pixdim:[1.  1.5 1.5 1.5 0.  0.  0.  0. ]
	  qoffset_x:160.0
	  qoffset_y:160.0
	  qoffset_z:1.5


Dir C:\Users\rdboylan\Documents\Kornak\ADNI\PET2_nifti\ADNI\137_S_0283\Tx_Origin,_Spatially_Normalized\2006-04-20_14_44_55.0\I211373:
	ADNI_137_S_0283_MR_Tx_Origin,_Spatially_Normalized_Br_20110114134227864_S13541_I211373.nii
	  Shape: (79, 95, 68).  Transform: (4, 4).  Zooms: (2.0, 2.0, 2.0)
	  extents:0
	  dim:[ 3 79 95 68  1  1  1  1]
	  pixdim:[-1.  2.  2.  2.  0.  0.  0.  0.]
	  xyzt_units:10
	  descrip:b'Tx Origin, Spatially Normalized'
	  qform_code:2
	  sform_code:2
	  quatern_c:1.0
	  qoffset_x:78.0
	  qoffset_y:-112.0
	  qoffset_z:-50.0
	  srow_x:[-2.  0.  0. 78.]
	  srow_y:[   0.    2.    0. -112.]
	  srow_z:[  0.   0.   2. -50.]


Dir C:\Users\rdboylan\Documents\Kornak\ADNI\PET2_nifti\ADNI\137_S_0283\Tx_Origin,_Spatially_Normalized,_Smoothed\2006-04-20_14_44_55.0\I98201:
	ADNI_137_S_0283_MR_Tx_Origin,_Spatially_Normalized,_Smoothed_Br_20080314165424662_S13541_I98201.nii
	  Shape: (79, 95, 69).  Transform: (4, 4).  Zooms: (2.0, 2.0, 2.0)
	  extents:0
	  dim:[ 3 79 95 69  1  1  1  1]
	  pixdim:[-1.  2.  2.  2.  0.  0.  0.  0.]
	  xyzt_units:10
	  descrip:b'Tx Origin, Spatially Normalized, Smoothed'
	  qform_code:2
	  sform_code:2
	  quatern_c:1.0
	  qoffset_x:78.0
	  qoffset_y:-112.0
	  qoffset_z:-50.0
	  srow_x:[-2.  0.  0. 78.]
	  srow_y:[   0.    2.    0. -112.]
	  srow_z:[  0.   0.   2. -50.]


The following keys were not uniform in the files scanned: {'pixdim', 'dim', 'qoffset_z', 'extents', 'descrip', 'qoffset_x', 'qoffset_y', 'qform_code', 'srow_x', 'xyzt_units', 'sform_code', 'srow_y', 'srow_z', 'quatern_c'}.
